"../../../Engine/Content/Functions/Engine_MaterialFunctions01/Opacity/CameraDepthFade.uasset" 0
"../../../Engine/Content/EngineMaterials/T_Default_Material_Grid_M.uasset" 1
"../../../Engine/Content/EngineMaterials/T_Default_Material_Grid_N.uasset" 2
"../../../Engine/Content/EngineMaterials/WorldGridMaterial.uasset" 3
"../../../Engine/Content/ArtTools/RenderToTexture/Meshes/S_1_Unit_Plane.uasset" 4
"../../../Engine/Content/EngineMaterials/DefaultMaterial.uasset" 5
"../../../Engine/Content/BasicShapes/Cone.uasset" 6
"../../../Engine/Content/BasicShapes/Cube.uasset" 7
"../../../Engine/Content/BasicShapes/Cylinder.uasset" 8
"../../../Engine/Content/BasicShapes/Plane.uasset" 9
"../../../Engine/Content/BasicShapes/Sphere.uasset" 10
"../../../Engine/Content/EngineMaterials/DefaultPhysicalMaterial.uasset" 11
"../../../Engine/Content/BufferVisualization/AmbientOcclusion.uasset" 12
"../../../Engine/Content/BufferVisualization/BaseColor.uasset" 13
"../../../Engine/Content/BufferVisualization/CustomDepth.uasset" 14
"../../../Engine/Content/Functions/Engine_MaterialFunctions02/Utility/VectorLength.uasset" 15
"../../../Engine/Content/BufferVisualization/CustomDepthWorldUnits.uasset" 16
"../../../Engine/Content/Functions/Engine_MaterialFunctions02/Utility/BreakOutFloat2Components.uasset" 17
"../../../Engine/Content/Functions/Engine_MaterialFunctions01/Texturing/ScaleUVsByCenter.uasset" 18
"../../../Engine/Content/Functions/Engine_MaterialFunctions02/ScreenResolution.uasset" 19
"../../../Engine/Content/Functions/Engine_MaterialFunctions02/Texturing/ScreenAlignedUVs.uasset" 20
"../../../Engine/Content/Functions/Engine_MaterialFunctions02/Utility/MakeFloat2.uasset" 21
"../../../Engine/Content/Functions/Engine_MaterialFunctions02/Utility/MakeFloat3.uasset" 22
"../../../Engine/Content/EngineMaterials/MiniFont.uasset" 23
"../../../Engine/Content/BufferVisualization/CustomStencil.uasset" 24
"../../../Engine/Content/BufferVisualization/FinalImage.uasset" 25
"../../../Engine/Content/BufferVisualization/LightingModel.uasset" 26
"../../../Engine/Content/BufferVisualization/MaterialAO.uasset" 27
"../../../Engine/Content/BufferVisualization/Metallic.uasset" 28
"../../../Engine/Content/BufferVisualization/Opacity.uasset" 29
"../../../Engine/Content/BufferVisualization/PostTonemapHDRColor.uasset" 30
"../../../Engine/Content/BufferVisualization/PreTonemapHDRColor.uasset" 31
"../../../Engine/Content/BufferVisualization/Roughness.uasset" 32
"../../../Engine/Content/BufferVisualization/SceneColor.uasset" 33
"../../../Engine/Content/BufferVisualization/SceneDepth.uasset" 34
"../../../Engine/Content/BufferVisualization/SceneDepthWorldUnits.uasset" 35
"../../../Engine/Content/BufferVisualization/SeparateTranslucencyA.uasset" 36
"../../../Engine/Content/BufferVisualization/SeparateTranslucencyRGB.uasset" 37
"../../../Engine/Content/BufferVisualization/Specular.uasset" 38
"../../../Engine/Content/BufferVisualization/SubsurfaceColor.uasset" 39
"../../../Engine/Content/BufferVisualization/WorldNormal.uasset" 40
"../../../Engine/Content/EditorLandscapeResources/DataLayer.uasset" 41
"../../../Engine/Content/EditorLandscapeResources/DefaultAlphaTexture.uasset" 42
"../../../Engine/Content/EditorLandscapeResources/LandscapeGizmoHeight_Mat.uasset" 43
"../../../Engine/Content/EditorLandscapeResources/LandscapeGizmo_Mat.uasset" 44
"../../../Engine/Content/EditorLandscapeResources/LandscapeGizmo_Mat_Copied.uasset" 45
"../../../Engine/Content/EditorLandscapeResources/SplineEditorMeshMat.uasset" 46
"../../../Engine/Content/EditorLandscapeResources/SplineEditorMesh.uasset" 47
"../../../Engine/Content/EditorMaterials/Cross.uasset" 48
"../../../Engine/Content/EditorMaterials/Cross_Mat.uasset" 49
"../../../Engine/Content/EditorMaterials/GizmoMaterial.uasset" 50
"../../../Engine/Content/Functions/Engine_MaterialFunctions02/Utility/Sign.uasset" 51
"../../../Engine/Content/Functions/Engine_MaterialFunctions02/Utility/Round.uasset" 52
"../../../Engine/Content/Functions/Engine_MaterialFunctions02/ExampleContent/Textures/flipbook.uasset" 53
"../../../Engine/Content/Functions/Engine_MaterialFunctions02/Texturing/FlipBook.uasset" 54
"../../../Engine/Content/EditorResources/T_EditorHelp.uasset" 55
"../../../Engine/Content/EditorMaterials/HelpActorMaterial.uasset" 56
"../../../Engine/Content/EditorMaterials/CompositeARGBLayer.uasset" 57
"../../../Engine/Content/EditorMaterials/TilingAALineIntegral.uasset" 58
"../../../Engine/Content/EditorMaterials/TilingAALineBoxFiltered.uasset" 59
"../../../Engine/Content/Functions/Engine_MaterialFunctions03/Procedurals/ComputeFilterWidth.uasset" 60
"../../../Engine/Content/EditorMaterials/TilingAADots.uasset" 61
"../../../Engine/Content/EditorMaterials/Cascade/CASC_Cross.uasset" 62
"../../../Engine/Content/EditorMaterials/Cascade/CASC_None.uasset" 63
"../../../Engine/Content/Functions/Engine_MaterialFunctions03/Blends/Blend_Screen.uasset" 64
"../../../Engine/Content/EditorMaterials/TilingAAGrid.uasset" 65
"../../../Engine/Content/EditorMaterials/LevelGridMaterial.uasset" 66
"../../../Engine/Content/EditorMaterials/MakeCompositeARGBLayer.uasset" 67
"../../../Engine/Content/EditorResources/LevelGrid1DStripes.uasset" 68
"../../../Engine/Content/EditorMaterials/TextureGridCascaded1D.uasset" 69
"../../../Engine/Content/EditorMaterials/TextureGridCascaded2D.uasset" 70
"../../../Engine/Content/EditorMaterials/LevelGridMaterial2.uasset" 71
"../../../Engine/Content/EditorMaterials/MAT_Groups_Toggle.uasset" 72
"../../../Engine/Content/EditorMaterials/MAT_Groups_Visibility.uasset" 73
"../../../Engine/Content/EditorMaterials/PhAT_BoneSelectedMaterial.uasset" 74
"../../../Engine/Content/EditorMaterials/PhAT_ElemSelectedMaterial.uasset" 75
"../../../Engine/Content/EditorMaterials/PhAT_NoCollisionMaterial.uasset" 76
"../../../Engine/Content/EditorMaterials/PhAT_UnselectedMaterial.uasset" 77
"../../../Engine/Content/EditorMaterials/PreviewShadowIndicator.uasset" 78
"../../../Engine/Content/EditorMaterials/PreviewShadowIndicatorMaterial.uasset" 79
"../../../Engine/Content/EditorMaterials/TargetIcon.uasset" 80
"../../../Engine/Content/EditorMaterials/Tick.uasset" 81
"../../../Engine/Content/EditorMaterials/Tick_Mat.uasset" 82
"../../../Engine/Content/EditorMaterials/WidgetGridVertexColorMaterial.uasset" 83
"../../../Engine/Content/EditorMaterials/WidgetGridVertexColorMaterial_Ma.uasset" 84
"../../../Engine/Content/EditorMaterials/WidgetMaterial.uasset" 85
"../../../Engine/Content/EditorMaterials/WidgetMaterial_Current.uasset" 86
"../../../Engine/Content/EditorMaterials/WidgetMaterial_X.uasset" 87
"../../../Engine/Content/EditorMaterials/WidgetMaterial_Y.uasset" 88
"../../../Engine/Content/EditorMaterials/WidgetMaterial_Z.uasset" 89
"../../../Engine/Content/EditorMaterials/WidgetVertexColorMaterial.uasset" 90
"../../../Engine/Content/EditorMaterials/AssetViewer/EpicQuadPanorama_CC+EV1.uasset" 91
"../../../Engine/Content/EditorMaterials/MatineeGroups/MAT_ColorTrack.uasset" 92
"../../../Engine/Content/EditorMaterials/MatineeGroups/MAT_Groups_Anim.uasset" 93
"../../../Engine/Content/EditorMaterials/MatineeGroups/MAT_Groups_AudioMaster.uasset" 94
"../../../Engine/Content/EditorMaterials/MatineeGroups/MAT_Groups_Director.uasset" 95
"../../../Engine/Content/EditorMaterials/MatineeGroups/MAT_Groups_Event.uasset" 96
"../../../Engine/Content/EditorMaterials/MatineeGroups/MAT_Groups_Fade.uasset" 97
"../../../Engine/Content/EditorMaterials/MatineeGroups/MAT_Groups_Float.uasset" 98
"../../../Engine/Content/EditorMaterials/MatineeGroups/MAT_Groups_Move.uasset" 99
"../../../Engine/Content/EditorMaterials/MatineeGroups/MAT_Groups_Slomo.uasset" 100
"../../../Engine/Content/EditorMaterials/MatineeGroups/MAT_Groups_Sound.uasset" 101
"../../../Engine/Content/EditorMaterials/MatineeGroups/MAT_Groups_Vector.uasset" 102
"../../../Engine/Content/EditorMaterials/ParticleSystems/PSysThumbnail_NoImage.uasset" 103
"../../../Engine/Content/EditorMaterials/ParticleSystems/PSysThumbnail_OOD.uasset" 104
"../../../Engine/Content/EngineMaterials/Grid.uasset" 105
"../../../Engine/Content/EditorMaterials/Thumbnails/FloorPlaneMaterial.uasset" 106
"../../../Engine/Content/EditorMeshes/EditorCylinder.uasset" 107
"../../../Engine/Content/EditorMeshes/EditorPlane.uasset" 108
"../../../Engine/Content/EditorMaterials/Thumbnails/SkySphereMaterial.uasset" 109
"../../../Engine/Content/EditorMeshes/EditorSkySphere.uasset" 110
"../../../Engine/Content/EditorMeshes/EditorSphere.uasset" 111
"../../../Engine/Content/EditorResources/MatineeCam_D.uasset" 112
"../../../Engine/Content/EditorMaterials/MatineeCam_mat.uasset" 113
"../../../Engine/Content/EditorMeshes/MatineeCam_SM.uasset" 114
"../../../Engine/Content/EditorMaterials/Camera/CineMat.uasset" 115
"../../../Engine/Content/EditorMaterials/Camera/MI_CineMat_CameraBody.uasset" 116
"../../../Engine/Content/EngineDebugMaterials/M_SimpleOpaque.uasset" 117
"../../../Engine/Content/EditorMaterials/Camera/MI_CineMat_CamViewFinder.uasset" 118
"../../../Engine/Content/EditorMeshes/Camera/SM_CineCam.uasset" 119
"../../../Engine/Content/EditorMaterials/Camera/MI_CineMat_Rig.uasset" 120
"../../../Engine/Content/EditorMeshes/Camera/SM_CraneRig_Arm.uasset" 121
"../../../Engine/Content/EditorMeshes/Camera/SM_CraneRig_Base.uasset" 122
"../../../Engine/Content/EditorMeshes/Camera/SM_CraneRig_Body.uasset" 123
"../../../Engine/Content/EditorMeshes/Camera/SM_CraneRig_Mount.uasset" 124
"../../../Engine/Content/EditorMeshes/Camera/SM_RailRig_Mount.uasset" 125
"../../../Engine/Content/EditorMeshes/Camera/SM_RailRig_Track.uasset" 126
"../../../Engine/Content/EditorResources/Bad.uasset" 127
"../../../Engine/Content/EditorResources/BSPVertex.uasset" 128
"../../../Engine/Content/EditorResources/EmptyActor.uasset" 129
"../../../Engine/Content/EditorResources/MatInstActSprite.uasset" 130
"../../../Engine/Content/EditorResources/SceneManager.uasset" 131
"../../../Engine/Content/EditorResources/SmallFont.uasset" 132
"../../../Engine/Content/EditorResources/S_Actor.uasset" 133
"../../../Engine/Content/EditorResources/S_DecalActorIcon.uasset" 134
"../../../Engine/Content/EditorResources/S_Emitter.uasset" 135
"../../../Engine/Content/EditorResources/S_ExpoHeightFog.uasset" 136
"../../../Engine/Content/EditorResources/S_FTest.uasset" 137
"../../../Engine/Content/EditorResources/S_KBSJoint.uasset" 138
"../../../Engine/Content/EditorResources/S_KHinge.uasset" 139
"../../../Engine/Content/EditorResources/S_KPrismatic.uasset" 140
"../../../Engine/Content/EditorResources/S_LevelSequence.uasset" 141
"../../../Engine/Content/EditorResources/S_NavP.uasset" 142
"../../../Engine/Content/EditorResources/S_Note.uasset" 143
"../../../Engine/Content/EditorResources/S_Player.uasset" 144
"../../../Engine/Content/EditorResources/S_PortalActorIcon2.uasset" 145
"../../../Engine/Content/EditorResources/S_RadForce.uasset" 146
"../../../Engine/Content/EditorResources/S_ReflActorIcon.uasset" 147
"../../../Engine/Content/EditorResources/S_Terrain.uasset" 148
"../../../Engine/Content/EditorResources/S_TextRenderActorIcon.uasset" 149
"../../../Engine/Content/EditorResources/S_Thruster.uasset" 150
"../../../Engine/Content/EditorResources/S_Trigger.uasset" 151
"../../../Engine/Content/EditorResources/S_VectorFieldVol.uasset" 152
"../../../Engine/Content/EditorResources/S_WindDirectional.uasset" 153
"../../../Engine/Content/EditorResources/AI/S_NavLink.uasset" 154
"../../../Engine/Content/EditorResources/LightIcons/SkyLight.uasset" 155
"../../../Engine/Content/EditorResources/LightIcons/S_LightDirectional.uasset" 156
"../../../Engine/Content/EditorResources/LightIcons/S_LightDirectionalMove.uasset" 157
"../../../Engine/Content/EditorResources/LightIcons/S_LightError.uasset" 158
"../../../Engine/Content/EditorResources/LightIcons/S_LightPoint.uasset" 159
"../../../Engine/Content/EditorResources/LightIcons/S_LightPointMove.uasset" 160
"../../../Engine/Content/EditorResources/LightIcons/S_LightSpot.uasset" 161
"../../../Engine/Content/EditorResources/LightIcons/S_LightSpotMove.uasset" 162
"../../../Engine/Content/EditorResources/SequenceRecorder/Countdown.uasset" 163
"../../../Engine/Content/EditorResources/SequenceRecorder/RecordingIndicator.uasset" 164
"../../../Engine/Content/EditorResources/Spline/T_Loft_Spline.uasset" 165
"../../../Engine/Content/EditorSounds/Notifications/CompileFailed.uasset" 166
"../../../Engine/Content/EditorSounds/Notifications/CompileFailed_Cue.uasset" 167
"../../../Engine/Content/EditorSounds/Notifications/CompileSuccess.uasset" 168
"../../../Engine/Content/EditorSounds/Notifications/CompileStart_Cue.uasset" 169
"../../../Engine/Content/EditorSounds/Notifications/CompileSuccess_Cue.uasset" 170
"../../../Engine/Content/EngineDamageTypes/DmgTypeBP_Environmental.uasset" 171
"../../../Engine/Content/EngineDebugMaterials/HeatmapGradient.uasset" 172
"../../../Engine/Content/EngineDebugMaterials/BoneWeightMaterial.uasset" 173
"../../../Engine/Content/EngineDebugMaterials/ClothMaterial.uasset" 174
"../../../Engine/Content/EngineDebugMaterials/DebugMeshMaterial.uasset" 175
"../../../Engine/Content/EngineDebugMaterials/GeomMaterial.uasset" 176
"../../../Engine/Content/Functions/Engine_MaterialFunctions01/Shading/ConvertFromDiffSpec.uasset" 177
"../../../Engine/Content/EngineDebugMaterials/LevelColorationLitMaterial.uasset" 178
"../../../Engine/Content/EngineDebugMaterials/LevelColorationUnlitMaterial.uasset" 179
"../../../Engine/Content/EngineMaterials/DefaultWhiteGrid.uasset" 180
"../../../Engine/Content/EngineDebugMaterials/MAT_LevelColorationLitLightmapUV.uasset" 181
"../../../Engine/Content/EngineDebugMaterials/M_SimpleTranslucent.uasset" 182
"../../../Engine/Content/EngineDebugMaterials/ShadedLevelColorationLitMaterial.uasset" 183
"../../../Engine/Content/EngineDebugMaterials/ShadedLevelColorationUnlitMateri.uasset" 184
"../../../Engine/Content/EngineDebugMaterials/VertexColorMaterial.uasset" 185
"../../../Engine/Content/EngineDebugMaterials/VertexColorViewMode_AlphaAsColor.uasset" 186
"../../../Engine/Content/EngineDebugMaterials/VertexColorViewMode_BlueOnly.uasset" 187
"../../../Engine/Content/EngineDebugMaterials/VertexColorViewMode_ColorOnly.uasset" 188
"../../../Engine/Content/EngineDebugMaterials/VertexColorViewMode_GreenOnly.uasset" 189
"../../../Engine/Content/EngineDebugMaterials/VertexColorViewMode_RedOnly.uasset" 190
"../../../Engine/Content/EngineDebugMaterials/WireframeMaterial.uasset" 191
"../../../Engine/Content/EngineFonts/Faces/RobotoBold.uasset" 192
"../../../Engine/Content/EngineFonts/Faces/RobotoBoldItalic.uasset" 193
"../../../Engine/Content/EngineFonts/Faces/RobotoItalic.uasset" 194
"../../../Engine/Content/EngineFonts/Faces/RobotoLight.uasset" 195
"../../../Engine/Content/EngineFonts/Faces/RobotoRegular.uasset" 196
"../../../Engine/Content/EngineFonts/Roboto.uasset" 197
"../../../Engine/Content/EngineFonts/Faces/RobotoTiny.uasset" 198
"../../../Engine/Content/EngineFonts/RobotoTiny.uasset" 199
"../../../Engine/Content/EngineFonts/SmallFont.uasset" 200
"../../../Engine/Content/EngineFonts/TinyFont.uasset" 201
"../../../Engine/Content/EngineResources/WhiteSquareTexture.uasset" 202
"../../../Engine/Content/EngineMaterials/BlinkingCaret.uasset" 203
"../../../Engine/Content/EngineMaterials/DefaultBloomKernel.uasset" 204
"../../../Engine/Content/EngineMaterials/DefaultBokeh.uasset" 205
"../../../Engine/Content/EngineMaterials/DefaultDiffuse.uasset" 206
"../../../Engine/Content/EngineMaterials/DefaultDeferredDecalMaterial.uasset" 207
"../../../Engine/Content/EngineMaterials/DefaultLightFunctionMaterial.uasset" 208
"../../../Engine/Content/EngineMaterials/DefaultNormal.uasset" 209
"../../../Engine/Content/EngineMaterials/DefaultPostProcessMaterial.uasset" 210
"../../../Engine/Content/EngineFonts/RobotoDistanceField.uasset" 211
"../../../Engine/Content/EngineMaterials/DefaultTextMaterialOpaque.uasset" 212
"../../../Engine/Content/EngineMaterials/EditorBrushMaterial.uasset" 213
"../../../Engine/Content/EngineMaterials/Good64x64TilingNoiseHighFreq.uasset" 214
"../../../Engine/Content/EngineMaterials/Grid_N.uasset" 215
"../../../Engine/Content/EngineMaterials/HighResolutionScreenshotMaskFunction.uasset" 216
"../../../Engine/Content/EngineMaterials/HighResScreenshot.uasset" 217
"../../../Engine/Content/EngineMaterials/HighResScreenshotCaptureRegion.uasset" 218
"../../../Engine/Content/EngineMaterials/HighResScreenshotMask.uasset" 219
"../../../Engine/Content/EngineMaterials/LandscapeHolePhysicalMaterial.uasset" 220
"../../../Engine/Content/EngineMaterials/InvalidLightmapSettings.uasset" 221
"../../../Engine/Content/EngineMaterials/M_InvalidLightmapSettings.uasset" 222
"../../../Engine/Content/EngineMaterials/PaperDiffuse.uasset" 223
"../../../Engine/Content/EngineMaterials/PaperNormal.uasset" 224
"../../../Engine/Content/EngineMaterials/PhAT_JointLimitMaterial.uasset" 225
"../../../Engine/Content/EngineMaterials/PhysMat_Rubber.uasset" 226
"../../../Engine/Content/EngineMaterials/PreintegratedSkinBRDF.uasset" 227
"../../../Engine/Content/EngineMaterials/RemoveSurfaceMaterial.uasset" 228
"../../../Engine/Content/EngineMaterials/WeightMapPlaceholderTexture.uasset" 229
"../../../Engine/Content/EngineMaterials/Widget3DPassThrough.uasset" 230
"../../../Engine/Content/EngineMaterials/Widget3DPassThrough_Masked.uasset" 231
"../../../Engine/Content/EngineMaterials/Widget3DPassThrough_Opaque.uasset" 232
"../../../Engine/Content/EngineMaterials/Widget3DPassThrough_Masked_OneSided.uasset" 233
"../../../Engine/Content/EngineMaterials/Widget3DPassThrough_Opaque_OneSided.uasset" 234
"../../../Engine/Content/EngineMaterials/Widget3DPassThrough_Translucent.uasset" 235
"../../../Engine/Content/EngineMaterials/Widget3DPassThrough_Translucent_OneSided.uasset" 236
"../../../Engine/Content/EngineMeshes/Cube.uasset" 237
"../../../Engine/Content/EngineMeshes/Cylinder.uasset" 238
"../../../Engine/Content/EngineMeshes/Sphere.uasset" 239
"../../../Engine/Content/EngineResources/Black.uasset" 240
"../../../Engine/Content/EngineResources/DefaultTexture.uasset" 241
"../../../Engine/Content/EngineResources/DefaultTextureCube.uasset" 242
"../../../Engine/Content/EngineResources/GradientTexture0.uasset" 243
"../../../Engine/Content/EngineResources/StreamingPauseIcon.uasset" 244
"../../../Engine/Content/EngineResources/M_StreamingPause.uasset" 245
"../../../Engine/Content/EngineSounds/Master.uasset" 246
"../../../Engine/Content/Functions/Engine_MaterialFunctions01/Shading/PowerToRoughness.uasset" 247
"../../../Engine/Content/Maps/Templates/Thumbnails/Default.uasset" 248
"../../../Engine/Content/Maps/Templates/Thumbnails/VR-Basic.uasset" 249
"../../../Engine/Content/MapTemplates/Sky/DaylightAmbientCubemap.uasset" 250
"../../../Engine/Content/MobileResources/T_MobileControls_texture.uasset" 251
"../../../Engine/Content/MobileResources/T_MobileMenu2.uasset" 252
"../../../Engine/Content/MobileResources/HUD/AnalogHat.uasset" 253
"../../../Engine/Content/MobileResources/HUD/VirtualJoystick_Background.uasset" 254
"../../../Engine/Content/MobileResources/HUD/VirtualJoystick_Thumb.uasset" 255
"../../../Engine/Content/MobileResources/HUD/DefaultVirtualJoysticks.uasset" 256
"../../../Engine/Content/MobileResources/HUD/LeftVirtualJoystickOnly.uasset" 257
"../../../Engine/Content/MobileResources/HUD/MobileHUDButton1_off.uasset" 258
"../../../Engine/Content/MobileResources/HUD/MobileHUDButton1_on.uasset" 259
"../../../Engine/Content/MobileResources/HUD/MobileHUDButton2_off.uasset" 260
"../../../Engine/Content/MobileResources/HUD/MobileHUDButton2_on.uasset" 261
"../../../Engine/Content/MobileResources/HUD/MobileHUDButton3.uasset" 262
"../../../Engine/Content/MobileResources/HUD/MobileHUDButtonFire.uasset" 263
"../../../Engine/Content/MobileResources/HUD/MobileHUDDirectionPad.uasset" 264
"../../../Engine/Content/MobileResources/HUD/MobileHUDDirectionPad2.uasset" 265
"../../../Engine/Content/MobileResources/HUD/MobileHUDDirectionPad3.uasset" 266
"../../../Engine/Content/MobileResources/HUD/MobileHUDDirectionStick.uasset" 267
"../../../Engine/Content/MobileResources/HUD/T_Castle_ThumbstickInner.uasset" 268
"../../../Engine/Content/MobileResources/HUD/T_Castle_ThumbstickOutter.uasset" 269
"../../../Engine/Content/Tutorial/ContentIntroCurve.uasset" 270
"../../../Engine/Content/Tutorial/Basics/TutorialAssets/icon_tab_Levels_40x.uasset" 271
"../../../Engine/Content/Tutorial/BlueprintTutorials/TutorialAssets/BlueprintInterface_64x.uasset" 272
"../../../Engine/Content/Tutorial/BlueprintTutorials/TutorialAssets/BlueprintMacroLibrary_64x.uasset" 273
"../../../Engine/Content/Tutorial/BlueprintTutorials/TutorialAssets/Blueprint_64x.uasset" 274
"../../../Engine/Content/Tutorial/BlueprintTutorials/TutorialAssets/Tutorial_BP_Interface.uasset" 275
"../../../Engine/Content/Tutorial/Foliage/TutorialAssets/Foliage.uasset" 276
"../../../Engine/Content/Tutorial/Landscape/TutorialAssets/Landscape.uasset" 277
"../../../Engine/Content/Tutorial/Paper2D/TutorialAssets/Paper2DFlipbook_TutorialIcon.uasset" 278
"../../../Engine/Content/Tutorial/Paper2D/TutorialAssets/Paper2DSprite_TutorialIcon.uasset" 279
"../../../Engine/Content/Tutorial/SubEditors/TutorialAssets/icon_Editor_Preferences_General_40x.uasset" 280
"../../../Engine/Content/Tutorial/SubEditors/TutorialAssets/icon_ShowSkeletalMeshes_40x.uasset" 281
"../../../Engine/Content/Tutorial/SubEditors/TutorialAssets/TutorialMaterial.uasset" 282
"../../../Engine/Content/Tutorial/SubEditors/TutorialAssets/T_SmokeSubUV_8X8.uasset" 283
"../../../Engine/Content/Tutorial/SubEditors/TutorialAssets/T_soft_smoke.uasset" 284
"../../../Engine/Content/Tutorial/SubEditors/TutorialAssets/M_smoke_subUV_blackbody.uasset" 285
"../../../Engine/Content/Tutorial/SubEditors/TutorialAssets/TutorialParticleSystem.uasset" 286
"../../../Engine/Content/EditorMeshes/EditorCube.uasset" 287
"../../../Engine/Content/Tutorial/SubEditors/TutorialAssets/Tutorial_DM.uasset" 288
"../../../Engine/Content/VREditor/Devices/Generic/GenericHMDMaterial.uasset" 289
"../../../Engine/Content/VREditor/Devices/Generic/GenericHMD.uasset" 290
"../../../Engine/Content/VREditor/FloatingText/LineMaterial.uasset" 291
"../../../Engine/Content/VREditor/FloatingText/JointSphere.uasset" 292
"../../../Engine/Content/VREditor/FloatingText/LineSegmentCylinder.uasset" 293
"../../../Engine/Content/VREditor/Fonts/VRText_RobotoLarge.uasset" 294
"../../../Engine/Content/VREditor/Fonts/VRTextMaterial.uasset" 295
"../../../Engine/Content/VREditor/Fonts/TranslucentVRTextMaterial.uasset" 296
"../../../Engine/Content/VREditor/LaserPointer/VR_LaserPower_01.uasset" 297
"../../../Engine/Content/VREditor/TransformGizmo/TransformGizmoMaterial.uasset" 298
"../../../Engine/Content/VREditor/LaserPointer/HoverMaterial.uasset" 299
"../../../Engine/Content/VREditor/TransformGizmo/TranslucentTransformGizmoMaterial.uasset" 300
"../../../Engine/Content/VREditor/LaserPointer/TranslucentHoverMaterial.uasset" 301
"../../../Engine/Content/VREditor/LaserPointer/HoverMesh.uasset" 302
"../../../Engine/Content/VREditor/LaserPointer/LaserPointerMaterial.uasset" 303
"../../../Engine/Content/VREditor/LaserPointer/LaserPointerMaterialInst.uasset" 304
"../../../Engine/Content/VREditor/LaserPointer/TranslucentLaserPointerMaterialInst.uasset" 305
"../../../Engine/Content/VREditor/LaserPointer/LaserPointerMesh.uasset" 306
"../../../Engine/Content/VREditor/LaserPointer/LaserPointerMesh_End.uasset" 307
"../../../Engine/Content/VREditor/LaserPointer/LaserPointerMesh_Start.uasset" 308
"../../../Engine/Content/Functions/Engine_MaterialFunctions02/Utility/BreakOutFloat3Components.uasset" 309
"../../../Engine/Content/Functions/Engine_MaterialFunctions02/Math/Transform3x3Matrix.uasset" 310
"../../../Engine/Content/Functions/Engine_MaterialFunctions02/SplitComponents.uasset" 311
"../../../Engine/Content/VREditor/SnapGrid/SnapGridMaterial.uasset" 312
"../../../Engine/Content/VREditor/SnapGrid/SnapGridPlaneMesh.uasset" 313
"../../../Engine/Content/VREditor/Sounds/VR_teleport_Cue.uasset" 314
"../../../Engine/Content/VREditor/Sounds/UI/Click_on_Button_Cue.uasset" 315
"../../../Engine/Content/VREditor/Sounds/UI/Dockable_Window_Close.uasset" 316
"../../../Engine/Content/VREditor/Sounds/UI/Dockable_Window_Drop.uasset" 317
"../../../Engine/Content/VREditor/Sounds/UI/Dockable_Window_Open.uasset" 318
"../../../Engine/Content/VREditor/Sounds/UI/Dockable_Window_Pick_Up.uasset" 319
"../../../Engine/Content/VREditor/Sounds/UI/Drop_Item_From_ContentBrowser.uasset" 320
"../../../Engine/Content/VREditor/Sounds/UI/Floating_UI_Open-001.uasset" 321
"../../../Engine/Content/VREditor/Sounds/UI/Gizmo_Handle_Clicked.uasset" 322
"../../../Engine/Content/VREditor/Sounds/UI/Object_PickUp.uasset" 323
"../../../Engine/Content/VREditor/Sounds/UI/Object_Snaps_To_Another_Actor.uasset" 324
"../../../Engine/Content/VREditor/Sounds/UI/Object_Snaps_To_Grid.uasset" 325
"../../../Engine/Content/VREditor/Sounds/UI/Radial_Menu_FadeOut.uasset" 326
"../../../Engine/Content/VREditor/Sounds/UI/Scaling_Down.uasset" 327
"../../../Engine/Content/VREditor/Sounds/UI/Scaling_Up.uasset" 328
"../../../Engine/Content/VREditor/Sounds/UI/Selection_Changes.uasset" 329
"../../../Engine/Content/VREditor/Sounds/UI/Teleport_Mode_Entered.uasset" 330
"../../../Engine/Content/VREditor/Teleport/TeleportDirectionMaterial.uasset" 331
"../../../Engine/Content/VREditor/Teleport/TeleportDirectionMaterial_Inst.uasset" 332
"../../../Engine/Content/VREditor/Teleport/TeleportDirectionMesh.uasset" 333
"../../../Engine/Content/VREditor/TransformGizmo/BoundingBoxCorner.uasset" 334
"../../../Engine/Content/VREditor/TransformGizmo/BoundingBoxEdge.uasset" 335
"../../../Engine/Content/VREditor/TransformGizmo/PlaneTranslationHandle.uasset" 336
"../../../Engine/Content/VREditor/TransformGizmo/RotationHandle.uasset" 337
"../../../Engine/Content/VREditor/TransformGizmo/RotationHandleFull.uasset" 338
"../../../Engine/Content/VREditor/TransformGizmo/RotationHandleIndicator.uasset" 339
"../../../Engine/Content/VREditor/TransformGizmo/RotationHandleQuarter.uasset" 340
"../../../Engine/Content/VREditor/TransformGizmo/Main.uasset" 341
"../../../Engine/Content/VREditor/TransformGizmo/Xray.uasset" 342
"../../../Engine/Content/VREditor/TransformGizmo/SM_Dialog_Close.uasset" 343
"../../../Engine/Content/VREditor/TransformGizmo/SM_Dialog_Move.uasset" 344
"../../../Engine/Content/VREditor/TransformGizmo/SM_Sequencer_Key.uasset" 345
"../../../Engine/Content/VREditor/TransformGizmo/StartRotationHandleIndicator.uasset" 346
"../../../Engine/Content/VREditor/TransformGizmo/TransformGizmoMaterial_Inst.uasset" 347
"../../../Engine/Content/VREditor/TransformGizmo/TranslateArrowHandle.uasset" 348
"../../../Engine/Content/VREditor/TransformGizmo/TranslationHandle.uasset" 349
"../../../Engine/Content/VREditor/TransformGizmo/TranslucentTransformGizmoMaterial_Inst.uasset" 350
"../../../Engine/Content/VREditor/TransformGizmo/UniformScaleHandle.uasset" 351
"../../../Engine/Content/VREditor/UI/KeyDiskMaterial.uasset" 352
"../../../Engine/Content/VREditor/UI/DiscMaterial.uasset" 353
"../../../Engine/Content/VREditor/UI/SM_Radial_Disk.uasset" 354
"../../../Engine/Content/Functions/Engine_MaterialFunctions01/Gradient/RadialGradient.uasset" 355
"../../../Engine/Content/VREditor/WorldMovementGrid/SimpleGrid.uasset" 356
"../../../Engine/Content/VREditor/WorldMovementGrid/GridMaterial.uasset" 357
"../../../Engine/Content/Functions/Engine_MaterialFunctions01/Density/ExponentialDensity.uasset" 358
"../../../Engine/Content/VREditor/WorldMovementGrid/GridPostProcess.uasset" 359
"../../../Engine/Content/EditorLandscapeResources/FlattenHeightMat.uasset" 360
"../../../Engine/Content/VREditor/WorldMovementGrid/PlaneMesh.uasset" 361
"../../../Engine/Plugins/2D/Paper2D/Content/DummySprite.uasset" 362
"../../../Engine/Plugins/2D/Paper2D/Content/DefaultPaperTerrainMaterial.uasset" 363
"../../../Engine/Plugins/2D/Paper2D/Content/DefaultSpriteMaterial.uasset" 364
"../../../Engine/Plugins/2D/Paper2D/Content/MaskedUnlitSpriteMaterial.uasset" 365
"../../../Engine/Plugins/2D/Paper2D/Content/OpaqueUnlitSpriteMaterial.uasset" 366
"../../../Engine/Plugins/2D/Paper2D/Content/PlaceholderTextures/DummySpriteTexture.uasset" 367
"../../../Engine/Plugins/Runtime/GearVR/Content/Textures/GearVRController_AO.uasset" 368
"../../../Engine/Plugins/Runtime/GearVR/Content/Textures/GearVRController_Color.uasset" 369
"../../../Engine/Plugins/Runtime/GearVR/Content/Textures/GearVRController_Normal.uasset" 370
"../../../Engine/Plugins/Runtime/GearVR/Content/Materials/GearVRControllerMaterial.uasset" 371
"../../../Engine/Plugins/Runtime/GearVR/Content/Meshes/GearVrController.uasset" 372
"../../../Engine/Content/Maps/Entry.umap" 373
"../../../Engine/Content/EditorBlueprintResources/StandardMacros.uasset" 374
"../../../Engine/Content/EngineSky/C_Sky_Cloud_Color.uasset" 375
"../../../Engine/Content/EngineSky/C_Sky_Horizon_Color.uasset" 376
"../../../Engine/Content/EngineSky/C_Sky_Zenith_Color.uasset" 377
"../../../Engine/Content/EngineSky/T_Sky_Blue.uasset" 378
"../../../Engine/Content/EngineSky/T_Sky_Clouds_M.uasset" 379
"../../../Engine/Content/EngineSky/T_Sky_Stars.uasset" 380
"../../../Engine/Content/EngineSky/M_Sky_Panning_Clouds2.uasset" 381
"../../../Engine/Content/EngineSky/SM_SkySphere.uasset" 382
"../../../Engine/Content/EngineSky/BP_Sky_Sphere.uasset" 383
"../../../RobCoG/Content/Maps/BeginPlayRoom_BuiltData.uasset" 384
"../../../RobCoG/Content/Blueprints/SendToServerMenu_BP.uasset" 385
"../../../RobCoG/Content/Blueprints/ConfidenceMenu_BP.uasset" 386
"../../../RobCoG/Content/Blueprints/ExitMenu_BP.uasset" 387
"../../../RobCoG/Content/Blueprints/LevelSelectMenu_BP.uasset" 388
"../../../RobCoG/Content/Blueprints/MainMenu_BP.uasset" 389
"../../../RobCoG/Content/Lab/Textures/CeilingLights/T_CeilingLight_M.uasset" 390
"../../../RobCoG/Content/Lab/Materials/CeilingLights/M_CeilingLightCase.uasset" 391
"../../../RobCoG/Content/Lab/Meshes/CeilingLights/SM_CeilingLight.uasset" 392
"../../../RobCoG/Content/Lab/Materials/CeilingLights/M_CeilingLightNeonTube.uasset" 393
"../../../RobCoG/Content/Lab/Meshes/CeilingLights/SM_CeilingLightNeonTube.uasset" 394
"../../../RobCoG/Content/Lab/Materials/CeilingLights/M_CeilingLightParts.uasset" 395
"../../../RobCoG/Content/Lab/Meshes/CeilingLights/SM_CeilingLightParts.uasset" 396
"../../../RobCoG/Content/Lab/Textures/Door/T_LabDoor_N.uasset" 397
"../../../RobCoG/Content/Lab/Materials/Door/M_LabDoor.uasset" 398
"../../../RobCoG/Content/Lab/Meshes/Door/SM_LabWallDoor.uasset" 399
"../../../RobCoG/Content/Lab/Textures/T_LabFloor.uasset" 400
"../../../RobCoG/Content/Lab/Materials/M_LabFLoor.uasset" 401
"../../../RobCoG/Content/Lab/Meshes/SM_LabFloor.uasset" 402
"../../../RobCoG/Content/Lab/Textures/T_LabRoof_N.uasset" 403
"../../../RobCoG/Content/Lab/Materials/M_LabRoof.uasset" 404
"../../../RobCoG/Content/Lab/Meshes/SM_LabRoof.uasset" 405
"../../../RobCoG/Content/Lab/Textures/T_LabWallsNormals.uasset" 406
"../../../RobCoG/Content/Lab/Materials/M_LabWall.uasset" 407
"../../../RobCoG/Content/Lab/Meshes/SM_LabWalls.uasset" 408
"../../../RobCoG/Content/Lab/Textures/Windows/TypA/T_WindowTypAWindowBank.uasset" 409
"../../../RobCoG/Content/Lab/Materials/Windows/TypA/M_WindowABank.uasset" 410
"../../../RobCoG/Content/Lab/Meshes/Windows/TypA/SM_WindowBankTypA.uasset" 411
"../../../RobCoG/Content/Lab/Materials/Windows/TypA/MWindowABlinds.uasset" 412
"../../../RobCoG/Content/Lab/Meshes/Windows/TypA/SM_WindowBlindSmallL.uasset" 413
"../../../RobCoG/Content/Lab/Meshes/Windows/TypA/SM_WindowBlindSmallR.uasset" 414
"../../../RobCoG/Content/Lab/Textures/Windows/T_WindowHandle.uasset" 415
"../../../RobCoG/Content/Lab/Materials/Windows/M_WindowHandle.uasset" 416
"../../../RobCoG/Content/Lab/Meshes/Windows/TypA/SM_WindowHandleLeft1.uasset" 417
"../../../RobCoG/Content/Lab/Meshes/Windows/TypA/SM_WindowHandleLeft2.uasset" 418
"../../../RobCoG/Content/Lab/Meshes/Windows/TypA/SM_WindowHandleRight1.uasset" 419
"../../../RobCoG/Content/Lab/Meshes/Windows/TypA/SM_WindowHandleRight2.uasset" 420
"../../../RobCoG/Content/Lab/Textures/Windows/T_WindowHinge.uasset" 421
"../../../RobCoG/Content/Lab/Materials/Windows/M_WindowHinge.uasset" 422
"../../../RobCoG/Content/Lab/Meshes/Windows/TypA/SM_WindowHingeLeft1.uasset" 423
"../../../RobCoG/Content/Lab/Meshes/Windows/TypA/SM_WindowHingeLeft2.uasset" 424
"../../../RobCoG/Content/Lab/Meshes/Windows/TypA/SM_WindowHingeLeft3.uasset" 425
"../../../RobCoG/Content/Lab/Meshes/Windows/TypA/SM_WindowHingeLeft4.uasset" 426
"../../../RobCoG/Content/Lab/Meshes/Windows/TypA/SM_WindowHingeRight1.uasset" 427
"../../../RobCoG/Content/Lab/Meshes/Windows/TypA/SM_WindowHingeRight2.uasset" 428
"../../../RobCoG/Content/Lab/Meshes/Windows/TypA/SM_WindowHingeRight3.uasset" 429
"../../../RobCoG/Content/Lab/Meshes/Windows/TypA/SM_WindowHingeRight4.uasset" 430
"../../../RobCoG/Content/Lab/Textures/Windows/TypA/T_WindowTypAWindowFrame.uasset" 431
"../../../RobCoG/Content/Lab/Textures/Windows/TypA/T_WindowTypAWindowFrame_N.uasset" 432
"../../../RobCoG/Content/Lab/Materials/Windows/TypA/M_WindowAFrame.uasset" 433
"../../../RobCoG/Content/Lab/Meshes/Windows/TypA/SM_WindowTypAFrameL.uasset" 434
"../../../RobCoG/Content/Lab/Meshes/Windows/TypA/SM_WindowTypAFrameR.uasset" 435
"../../../RobCoG/Content/Lab/Materials/Windows/M_WindowGlas.uasset" 436
"../../../RobCoG/Content/Lab/Meshes/Windows/TypA/SM_WindowTypAL.uasset" 437
"../../../RobCoG/Content/Lab/Textures/Windows/TypA/T_WindowTypACase.uasset" 438
"../../../RobCoG/Content/Lab/Textures/Windows/TypA/T_WindowTypACase_N.uasset" 439
"../../../RobCoG/Content/Lab/Materials/Windows/TypA/M_WindowACase.uasset" 440
"../../../RobCoG/Content/Lab/Meshes/Windows/TypA/SM_WindowTypAMetal.uasset" 441
"../../../RobCoG/Content/Lab/Textures/Windows/TypA/T_WindowTypACaseOut.uasset" 442
"../../../RobCoG/Content/Lab/Materials/Windows/TypA/M_WindowACaseOut.uasset" 443
"../../../RobCoG/Content/Lab/Meshes/Windows/TypA/SM_WindowTypAMetalOut.uasset" 444
"../../../RobCoG/Content/Lab/Meshes/Windows/TypA/SM_WindowTypAR.uasset" 445
"../../../RobCoG/Content/Lab/Materials/Windows/TypA/M_WindowASecurity.uasset" 446
"../../../RobCoG/Content/Lab/Meshes/Windows/TypA/SM_WindowTypASecure.uasset" 447
"../../../RobCoG/Content/Lab/Textures/Windows/TypA/T_WindowTypASmall_N.uasset" 448
"../../../RobCoG/Content/Lab/Textures/Windows/TypA/T_WindowTypASmallFrame.uasset" 449
"../../../RobCoG/Content/Lab/Materials/Windows/TypA/M_WindowASmallFrame.uasset" 450
"../../../RobCoG/Content/Lab/Meshes/Windows/TypA/SM_WindowTypASmallFrameL.uasset" 451
"../../../RobCoG/Content/Lab/Meshes/Windows/TypA/SM_WindowTypASmallFrameR.uasset" 452
"../../../RobCoG/Content/Lab/Meshes/Windows/TypA/SM_WindowTypASmallL.uasset" 453
"../../../RobCoG/Content/Lab/Meshes/Windows/TypA/SM_WindowTypASmallR.uasset" 454
"../../../RobCoG/Content/Lab/Textures/Windows/TypB/T_WindowTypBBank.uasset" 455
"../../../RobCoG/Content/Lab/Materials/Windows/TypB/M_WindowBBank.uasset" 456
"../../../RobCoG/Content/Lab/Meshes/Windows/TypB/SM_WindowTypBBank.uasset" 457
"../../../RobCoG/Content/Lab/Materials/Windows/TypB/M_WindowBBlinds.uasset" 458
"../../../RobCoG/Content/Lab/Meshes/Windows/TypB/SM_WindowTypBBlind.uasset" 459
"../../../RobCoG/Content/Lab/Textures/Windows/TypB/T_WindowTypBFrame.uasset" 460
"../../../RobCoG/Content/Lab/Textures/Windows/TypB/T_WindowTypBFrame_N.uasset" 461
"../../../RobCoG/Content/Lab/Materials/Windows/TypB/M_WindowBFrame.uasset" 462
"../../../RobCoG/Content/Lab/Meshes/Windows/TypB/SM_WindowTypBFrame.uasset" 463
"../../../RobCoG/Content/Lab/Textures/Windows/TypB/T_WindowTypBFrameSmall.uasset" 464
"../../../RobCoG/Content/Lab/Textures/Windows/TypB/T_WindowTypBFrameSmall_N.uasset" 465
"../../../RobCoG/Content/Lab/Materials/Windows/TypB/M_WindowBFrameSmall.uasset" 466
"../../../RobCoG/Content/Lab/Meshes/Windows/TypB/SM_WindowTypBFrameSmall.uasset" 467
"../../../RobCoG/Content/Lab/Meshes/Windows/TypB/SM_WindowTypBGlas.uasset" 468
"../../../RobCoG/Content/Lab/Meshes/Windows/TypB/SM_WindowTypBGlassSmall.uasset" 469
"../../../RobCoG/Content/Lab/Meshes/Windows/TypB/SM_WindowTypBHandle1.uasset" 470
"../../../RobCoG/Content/Lab/Meshes/Windows/TypB/SM_WindowTypBHandle2.uasset" 471
"../../../RobCoG/Content/Lab/Meshes/Windows/TypB/SM_WindowTypBHinge1.uasset" 472
"../../../RobCoG/Content/Lab/Meshes/Windows/TypB/SM_WindowTypBHinge2.uasset" 473
"../../../RobCoG/Content/Lab/Meshes/Windows/TypB/SM_WindowTypBHinge3.uasset" 474
"../../../RobCoG/Content/Lab/Meshes/Windows/TypB/SM_WindowTypBHinge4.uasset" 475
"../../../RobCoG/Content/Lab/Textures/Windows/TypB/T_WindowTypBCase.uasset" 476
"../../../RobCoG/Content/Lab/Textures/Windows/TypB/T_WindowTypBCase_N.uasset" 477
"../../../RobCoG/Content/Lab/Materials/Windows/TypB/M_WindowBCase.uasset" 478
"../../../RobCoG/Content/Lab/Meshes/Windows/TypB/SM_WindowTypBMetal.uasset" 479
"../../../RobCoG/Content/Lab/Textures/Windows/TypB/T_WindowTypBCaseOut.uasset" 480
"../../../RobCoG/Content/Lab/Materials/Windows/TypB/M_WindowBCaseOut.uasset" 481
"../../../RobCoG/Content/Lab/Meshes/Windows/TypB/SM_WindowTypBMetalOut.uasset" 482
"../../../RobCoG/Content/Lab/Materials/Windows/TypB/M_WindowBSecurity.uasset" 483
"../../../RobCoG/Content/Lab/Meshes/Windows/TypB/SM_WindowTypBSecure.uasset" 484
"../../../RobCoG/Content/Lab/Textures/Windows/TypC/T_WindowTypCBank.uasset" 485
"../../../RobCoG/Content/Lab/Materials/Windows/TypC/M_WindowCBank.uasset" 486
"../../../RobCoG/Content/Lab/Meshes/Windows/TypC/SM_WindowTypCBank.uasset" 487
"../../../RobCoG/Content/Lab/Materials/Windows/TypC/M_WindowCBlinds.uasset" 488
"../../../RobCoG/Content/Lab/Meshes/Windows/TypC/SM_WindowTypCBlindLeft.uasset" 489
"../../../RobCoG/Content/Lab/Meshes/Windows/TypC/SM_WindowTypCBlindRight.uasset" 490
"../../../RobCoG/Content/Lab/Textures/Windows/TypC/T_WindowTypCFrame.uasset" 491
"../../../RobCoG/Content/Lab/Textures/Windows/TypC/T_WindowTypCFrame_N.uasset" 492
"../../../RobCoG/Content/Lab/Materials/Windows/TypC/M_WindowCFrame.uasset" 493
"../../../RobCoG/Content/Lab/Meshes/Windows/TypC/SM_WindowTypCFrameL.uasset" 494
"../../../RobCoG/Content/Lab/Meshes/Windows/TypC/SM_WindowTypCFrameR.uasset" 495
"../../../RobCoG/Content/Lab/Meshes/Windows/TypC/SM_WindowTypCHandleLeft1.uasset" 496
"../../../RobCoG/Content/Lab/Meshes/Windows/TypC/SM_WindowTypCHandleLeft2.uasset" 497
"../../../RobCoG/Content/Lab/Meshes/Windows/TypC/SM_WindowTypCHandleRight1.uasset" 498
"../../../RobCoG/Content/Lab/Meshes/Windows/TypC/SM_WindowTypCHandleRight2.uasset" 499
"../../../RobCoG/Content/Lab/Meshes/Windows/TypC/SM_WindowTypCHingeLeft1.uasset" 500
"../../../RobCoG/Content/Lab/Meshes/Windows/TypC/SM_WindowTypCHingeLeft2.uasset" 501
"../../../RobCoG/Content/Lab/Meshes/Windows/TypC/SM_WindowTypCHingeLeft3.uasset" 502
"../../../RobCoG/Content/Lab/Meshes/Windows/TypC/SM_WindowTypCHingeLeft4.uasset" 503
"../../../RobCoG/Content/Lab/Meshes/Windows/TypC/SM_WindowTypCHingeRight1.uasset" 504
"../../../RobCoG/Content/Lab/Meshes/Windows/TypC/SM_WindowTypCHingeRight2.uasset" 505
"../../../RobCoG/Content/Lab/Meshes/Windows/TypC/SM_WindowTypCHingeRight3.uasset" 506
"../../../RobCoG/Content/Lab/Meshes/Windows/TypC/SM_WindowTypCHingeRight4.uasset" 507
"../../../RobCoG/Content/Lab/Meshes/Windows/TypC/SM_WindowTypCL.uasset" 508
"../../../RobCoG/Content/Lab/Textures/Windows/TypC/T_WindowTypCCase.uasset" 509
"../../../RobCoG/Content/Lab/Textures/Windows/TypC/T_WindowTypCCase_N.uasset" 510
"../../../RobCoG/Content/Lab/Materials/Windows/TypC/M_WindowCCase.uasset" 511
"../../../RobCoG/Content/Lab/Meshes/Windows/TypC/SM_WindowTypCMetal.uasset" 512
"../../../RobCoG/Content/Lab/Textures/Windows/TypC/T_WindowTypCCaseOut.uasset" 513
"../../../RobCoG/Content/Lab/Materials/Windows/TypC/M_WindowCCaseOut.uasset" 514
"../../../RobCoG/Content/Lab/Meshes/Windows/TypC/SM_WindowTypCMetalOut.uasset" 515
"../../../RobCoG/Content/Lab/Meshes/Windows/TypC/SM_WindowTypCR.uasset" 516
"../../../RobCoG/Content/Lab/Materials/Windows/TypC/M_WindowCSecurity.uasset" 517
"../../../RobCoG/Content/Lab/Meshes/Windows/TypC/SM_WindowTypCSecure.uasset" 518
"../../../RobCoG/Content/Lab/Textures/Windows/TypC/T_WindowTypCFrameSmall.uasset" 519
"../../../RobCoG/Content/Lab/Textures/Windows/TypC/T_WindowTypCFrameSmall_N.uasset" 520
"../../../RobCoG/Content/Lab/Materials/Windows/TypC/M_WindowCFrameSmall.uasset" 521
"../../../RobCoG/Content/Lab/Meshes/Windows/TypC/SM_WindowTypCSmallFrameL.uasset" 522
"../../../RobCoG/Content/Lab/Meshes/Windows/TypC/SM_WindowTypCSmallFrameR.uasset" 523
"../../../RobCoG/Content/Lab/Meshes/Windows/TypC/SM_WindowTypCSmallL.uasset" 524
"../../../RobCoG/Content/Lab/Meshes/Windows/TypC/SM_WindowTypCSmallR.uasset" 525
"../../../RobCoG/Content/Maps/BeginPlayRoom.umap" 526
"../../../RobCoG/Content/Maps/Kitchen-v01_BuiltData.uasset" 527
"../../../RobCoG/Content/Items/Scanned/Textures/T_AlbiHimbeerJuice.uasset" 528
"../../../RobCoG/Content/Items/Scanned/Materials/M_AlbiHimbeerJuice.uasset" 529
"../../../RobCoG/Content/Items/Scanned/Materials/M_BluePlasticBowl_Grey.uasset" 530
"../../../RobCoG/Content/Kitchen/Materials/Cooktop/M_CooktopMetal.uasset" 531
"../../../RobCoG/Content/Kitchen/Textures/Kitchen/T_KitchenSurface_N.uasset" 532
"../../../RobCoG/Content/Kitchen/Textures/Kitchen/T_KitchenSurfaceWhite.uasset" 533
"../../../RobCoG/Content/Kitchen/Materials/Kitchen/M_KitchenWhite.uasset" 534
"../../../RobCoG/Content/Kitchen/Materials/M_KitchenDarkGray.uasset" 535
"../../../RobCoG/Content/Kitchen/Materials/M_KitchenLightGray.uasset" 536
"../../../RobCoG/Content/Kitchen/Materials/M_SurgeryMetal.uasset" 537
"../../../RobCoG/Content/Kitchen/Materials/Oven/M_DynamicOvenHeatElement.uasset" 538
"../../../RobCoG/Content/Kitchen/Textures/Oven/T_OvenCase.uasset" 539
"../../../RobCoG/Content/Kitchen/Textures/Oven/T_OvenCase_M.uasset" 540
"../../../RobCoG/Content/Kitchen/Materials/Oven/M_OvenCase.uasset" 541
"../../../RobCoG/Content/Kitchen/Textures/Oven/T_OvenDoor_M.uasset" 542
"../../../RobCoG/Content/Kitchen/Materials/Oven/M_OvenDoor.uasset" 543
"../../../RobCoG/Content/Kitchen/Materials/Oven/M_OvenGlas.uasset" 544
"../../../RobCoG/Content/Kitchen/Materials/Oven/M_OvenMetal.uasset" 545
"../../../RobCoG/Content/Kitchen/Materials/Oven/M_OvenPlastic.uasset" 546
"../../../RobCoG/Content/PP_OutlineCustomDepthOcclusion.uasset" 547
"../../../RobCoG/Content/coffee/Color_C05.uasset" 548
"../../../RobCoG/Content/coffee/Material2.uasset" 549
"../../../RobCoG/Content/coffee/CoffeeCup.uasset" 550
"../../../RobCoG/Content/fork/Box001Mat.uasset" 551
"../../../RobCoG/Content/fork/for_ele_Box001.uasset" 552
"../../../RobCoG/Content/fork/Box004Mat.uasset" 553
"../../../RobCoG/Content/fork/for_ele_Box004.uasset" 554
"../../../RobCoG/Content/Items/Other/Meshes/SM_Bowl.uasset" 555
"../../../RobCoG/Content/Items/Other/Meshes/SM_ButterKnife.uasset" 556
"../../../RobCoG/Content/Items/Other/Meshes/SM_Mug.uasset" 557
"../../../RobCoG/Content/Items/Other/Meshes/SM_Spoon.uasset" 558
"../../../RobCoG/Content/Items/Scanned/Meshes/SM_AlbiHimbeerJuice.uasset" 559
"../../../RobCoG/Content/Items/Scanned/Materials/M_BluePlasticBowl_Blue.uasset" 560
"../../../RobCoG/Content/Items/Scanned/Meshes/SM_BluePlasticBowl.uasset" 561
"../../../RobCoG/Content/Items/Scanned/Textures/T_Cappuccino.uasset" 562
"../../../RobCoG/Content/Items/Scanned/Materials/M_Cappuccino.uasset" 563
"../../../RobCoG/Content/Items/Scanned/Meshes/SM_Cappuccino.uasset" 564
"../../../RobCoG/Content/Items/Scanned/Textures/T_CoffeeElBryg.uasset" 565
"../../../RobCoG/Content/Items/Scanned/Materials/M_CoffeeElBryg.uasset" 566
"../../../RobCoG/Content/Items/Scanned/Meshes/SM_CoffeeElBryg.uasset" 567
"../../../RobCoG/Content/Items/Scanned/Textures/T_HelaCurryKetchup.uasset" 568
"../../../RobCoG/Content/Items/Scanned/Materials/M_HelaCuryKetchup.uasset" 569
"../../../RobCoG/Content/Items/Scanned/Meshes/SM_HelaCurryKetchup.uasset" 570
"../../../RobCoG/Content/Items/Scanned/Textures/T_JaMlich.uasset" 571
"../../../RobCoG/Content/Items/Scanned/Materials/M_JaMilch.uasset" 572
"../../../RobCoG/Content/Items/Scanned/Meshes/SM_JaMilch.uasset" 573
"../../../RobCoG/Content/Items/Scanned/Textures/T_JodSalz.uasset" 574
"../../../RobCoG/Content/Items/Scanned/Materials/M_JodSalz.uasset" 575
"../../../RobCoG/Content/Items/Scanned/Meshes/SM_JodSalz.uasset" 576
"../../../RobCoG/Content/Items/Scanned/Textures/T_KellogsCornFlakes.uasset" 577
"../../../RobCoG/Content/Items/Scanned/Materials/M_KelloggsCornFlakes.uasset" 578
"../../../RobCoG/Content/Items/Scanned/Meshes/SM_KelloggsCornFlakes.uasset" 579
"../../../RobCoG/Content/Items/Scanned/Textures/T_KnusperSchokoKeks.uasset" 580
"../../../RobCoG/Content/Items/Scanned/Materials/M_KnusperSchoko.uasset" 581
"../../../RobCoG/Content/Items/Scanned/Meshes/SM_KnusperSchokoKeks.uasset" 582
"../../../RobCoG/Content/Items/Scanned/Textures/T_LionCereal.uasset" 583
"../../../RobCoG/Content/Items/Scanned/Materials/M_LionCereal.uasset" 584
"../../../RobCoG/Content/Items/Scanned/Meshes/SM_LionCereal.uasset" 585
"../../../RobCoG/Content/Items/Scanned/Textures/T_MeerSalz.uasset" 586
"../../../RobCoG/Content/Items/Scanned/Materials/M_MeerSalz.uasset" 587
"../../../RobCoG/Content/Items/Scanned/Meshes/SM_MeerSalz.uasset" 588
"../../../RobCoG/Content/Items/Scanned/Textures/T_Mondamin.uasset" 589
"../../../RobCoG/Content/Items/Scanned/Materials/M_Mondamin.uasset" 590
"../../../RobCoG/Content/Items/Scanned/Meshes/SM_Mondamin.uasset" 591
"../../../RobCoG/Content/Items/Scanned/Textures/T_NesquikCereal.uasset" 592
"../../../RobCoG/Content/Items/Scanned/Materials/M_NesquikCereal.uasset" 593
"../../../RobCoG/Content/Items/Scanned/Meshes/SM_NesquikCereal.uasset" 594
"../../../RobCoG/Content/Items/Scanned/Textures/T_PfannerGruneIcetea.uasset" 595
"../../../RobCoG/Content/Items/Scanned/Materials/M_PfannerGruneIcetea.uasset" 596
"../../../RobCoG/Content/Items/Scanned/Meshes/SM_PfannerGruneIcetea.uasset" 597
"../../../RobCoG/Content/Items/Scanned/Textures/T_PfannerPfirschIcetea.uasset" 598
"../../../RobCoG/Content/Items/Scanned/Materials/M_PfannerPfirschIcetea.uasset" 599
"../../../RobCoG/Content/Items/Scanned/Meshes/SM_PfannerPfirschIcetea.uasset" 600
"../../../RobCoG/Content/Items/Scanned/Textures/T_ReineButterMilch.uasset" 601
"../../../RobCoG/Content/Items/Scanned/Materials/M_ReineButterMilch.uasset" 602
"../../../RobCoG/Content/Items/Scanned/Meshes/SM_ReineButterMilch.uasset" 603
"../../../RobCoG/Content/Items/Scanned/Textures/T_SojaMilch.uasset" 604
"../../../RobCoG/Content/Items/Scanned/Materials/M_SojaMilch.uasset" 605
"../../../RobCoG/Content/Items/Scanned/Meshes/SM_SojaMilch.uasset" 606
"../../../RobCoG/Content/Items/Scanned/Textures/T_SpitzenReis.uasset" 607
"../../../RobCoG/Content/Items/Scanned/Materials/M_SpitzenReis.uasset" 608
"../../../RobCoG/Content/Items/Scanned/Meshes/SM_SpitzenReis.uasset" 609
"../../../RobCoG/Content/Items/Scanned/Textures/T_TomatoAlGustoBasilikum.uasset" 610
"../../../RobCoG/Content/Items/Scanned/Materials/M_TomatoAlGustoBasilikum.uasset" 611
"../../../RobCoG/Content/Items/Scanned/Meshes/SM_TomatoAlGustoBasilikum.uasset" 612
"../../../RobCoG/Content/Items/Scanned/Textures/T_Vollmilch.uasset" 613
"../../../RobCoG/Content/Items/Scanned/Materials/M_VollMilch.uasset" 614
"../../../RobCoG/Content/Items/Scanned/Meshes/SM_VollMilch.uasset" 615
"../../../RobCoG/Content/Kitchen/Materials/Cooktop/M_CooktopBlack.uasset" 616
"../../../RobCoG/Content/Kitchen/Meshes/Cooktop/SM_CooktopCase.uasset" 617
"../../../RobCoG/Content/Kitchen/Meshes/Cooktop/SM_CooktopFrame.uasset" 618
"../../../RobCoG/Content/Kitchen/Textures/Cooktop/T_CooktopGlass.uasset" 619
"../../../RobCoG/Content/Kitchen/Textures/Cooktop/T_CooktopGlass_M.uasset" 620
"../../../RobCoG/Content/Kitchen/Materials/Cooktop/M_CooktopGlass.uasset" 621
"../../../RobCoG/Content/Kitchen/Meshes/Cooktop/SM_CooktopGlass.uasset" 622
"../../../RobCoG/Content/Kitchen/Meshes/Cooktop/SM_CooktopHeatElBig1.uasset" 623
"../../../RobCoG/Content/Kitchen/Meshes/Cooktop/SM_CooktopHeatElBig2.uasset" 624
"../../../RobCoG/Content/Kitchen/Meshes/Cooktop/SM_CooktopHeatElSmall1.uasset" 625
"../../../RobCoG/Content/Kitchen/Meshes/Cooktop/SM_CooktopHeatElSmall2.uasset" 626
"../../../RobCoG/Content/Kitchen/Materials/Dishwasher/M_DishwasherShinyMetal.uasset" 627
"../../../RobCoG/Content/Kitchen/Meshes/Dishwasher/SM_DishwasherCase.uasset" 628
"../../../RobCoG/Content/Kitchen/Materials/Dishwasher/M_DishwasherPlasticGrey.uasset" 629
"../../../RobCoG/Content/Kitchen/Meshes/Dishwasher/SM_DishwasherDispenser.uasset" 630
"../../../RobCoG/Content/Kitchen/Meshes/Dishwasher/SM_DishwasherDoorInside.uasset" 631
"../../../RobCoG/Content/Kitchen/Meshes/Dishwasher/SM_DishwasherDoorMetal.uasset" 632
"../../../RobCoG/Content/Kitchen/Meshes/Dishwasher/SM_DishwasherDoorOutside.uasset" 633
"../../../RobCoG/Content/Kitchen/Meshes/Dishwasher/SM_DishwasherIndicatorLight1.uasset" 634
"../../../RobCoG/Content/Kitchen/Meshes/Dishwasher/SM_DishwasherIndicatorLight2.uasset" 635
"../../../RobCoG/Content/Kitchen/Meshes/Dishwasher/SM_DishwasherIndicatorLight3.uasset" 636
"../../../RobCoG/Content/Kitchen/Meshes/Dishwasher/SM_DishwasherIndicatorLight4.uasset" 637
"../../../RobCoG/Content/Kitchen/Meshes/Dishwasher/SM_DishwasherLowerPipe.uasset" 638
"../../../RobCoG/Content/Kitchen/Materials/Dishwasher/M_DishwasherMetal.uasset" 639
"../../../RobCoG/Content/Kitchen/Meshes/Dishwasher/SM_DishwasherLowerRack.uasset" 640
"../../../RobCoG/Content/Kitchen/Meshes/Dishwasher/SM_DishwasherLowerSprayArm.uasset" 641
"../../../RobCoG/Content/Kitchen/Meshes/Dishwasher/SM_DishwasherUpperPipe.uasset" 642
"../../../RobCoG/Content/Kitchen/Meshes/Dishwasher/SM_DishwasherUpperRack.uasset" 643
"../../../RobCoG/Content/Kitchen/Meshes/Dishwasher/SM_DishwasherUpperSprayArm.uasset" 644
"../../../RobCoG/Content/Kitchen/Materials/Fridge/M_FridgeCase.uasset" 645
"../../../RobCoG/Content/Kitchen/Meshes/Fridge/SM_FridgeCasing.uasset" 646
"../../../RobCoG/Content/Kitchen/Meshes/Fridge/SM_FridgeDoor.uasset" 647
"../../../RobCoG/Content/Kitchen/Meshes/Fridge/SM_FridgeDoorFrame.uasset" 648
"../../../RobCoG/Content/Kitchen/Meshes/Fridge/SM_FridgeDoorShelf.uasset" 649
"../../../RobCoG/Content/Kitchen/Meshes/Fridge/SM_FridgeDoorShelfBig.uasset" 650
"../../../RobCoG/Content/Kitchen/Meshes/Fridge/SM_FridgeDrawer.uasset" 651
"../../../RobCoG/Content/Kitchen/Meshes/Fridge/SM_FridgeShelf.uasset" 652
"../../../RobCoG/Content/Kitchen/Materials/Fridge/M_FridgeShelfGlass.uasset" 653
"../../../RobCoG/Content/Kitchen/Meshes/Fridge/SM_FridgeShelfGlas.uasset" 654
"../../../RobCoG/Content/Kitchen/Meshes/Fridge/SM_FridgeShelfGlasCladding.uasset" 655
"../../../RobCoG/Content/Kitchen/Textures/Fridge/T_FridgeThermomstatScale.uasset" 656
"../../../RobCoG/Content/Kitchen/Textures/Fridge/T_FridgeThermostat_M.uasset" 657
"../../../RobCoG/Content/Kitchen/Materials/Fridge/M_FridgeThermostat.uasset" 658
"../../../RobCoG/Content/Kitchen/Meshes/Fridge/SM_FridgeThermostat.uasset" 659
"../../../RobCoG/Content/Kitchen/Textures/Kitchen/T_FridgeArea.uasset" 660
"../../../RobCoG/Content/Kitchen/Materials/Kitchen/M_FridgeArea.uasset" 661
"../../../RobCoG/Content/Kitchen/Meshes/Kitchen/SM_FridgeArea.uasset" 662
"../../../RobCoG/Content/Kitchen/Textures/Kitchen/T_KitchenIsland.uasset" 663
"../../../RobCoG/Content/Kitchen/Materials/Kitchen/M_KitchenIsland.uasset" 664
"../../../RobCoG/Content/Kitchen/Meshes/Kitchen/SM_KitchenIsland.uasset" 665
"../../../RobCoG/Content/Kitchen/Textures/Kitchen/T_OvenArea.uasset" 666
"../../../RobCoG/Content/Kitchen/Materials/Kitchen/M_OvenArea.uasset" 667
"../../../RobCoG/Content/Kitchen/Meshes/Kitchen/SM_OvenArea.uasset" 668
"../../../RobCoG/Content/Kitchen/Textures/Kitchen/T_SinkArea.uasset" 669
"../../../RobCoG/Content/Kitchen/Materials/Kitchen/M_SinkArea.uasset" 670
"../../../RobCoG/Content/Kitchen/Meshes/Kitchen/SM_SinkArea.uasset" 671
"../../../RobCoG/Content/Kitchen/Meshes/Oven/SM_OvenBars.uasset" 672
"../../../RobCoG/Content/Kitchen/Meshes/Oven/SM_OvenCase.uasset" 673
"../../../RobCoG/Content/Kitchen/Meshes/Oven/SM_OvenDoor.uasset" 674
"../../../RobCoG/Content/Kitchen/Meshes/Oven/SM_OvenDoorHandle.uasset" 675
"../../../RobCoG/Content/Kitchen/Materials/Oven/M_OvenMetalBlack.uasset" 676
"../../../RobCoG/Content/Kitchen/Meshes/Oven/SM_OvenDoorIn.uasset" 677
"../../../RobCoG/Content/Kitchen/Meshes/Oven/SM_OvenHeatEl1.uasset" 678
"../../../RobCoG/Content/Kitchen/Meshes/Oven/SM_OvenKnob.uasset" 679
"../../../RobCoG/Content/Kitchen/Materials/Oven/M_OvenGlass.uasset" 680
"../../../RobCoG/Content/Kitchen/Meshes/Oven/SM_OvenWindowIn.uasset" 681
"../../../RobCoG/Content/Kitchen/Meshes/Oven/SM_OvenWindowOut.uasset" 682
"../../../RobCoG/Content/Kitchen/Materials/M_DiningTableDarkPorcelan.uasset" 683
"../../../RobCoG/Content/Kitchen/Materials/M_DiningTablePorcelan.uasset" 684
"../../../RobCoG/Content/Kitchen/Meshes/SM_DiningTable.uasset" 685
"../../../RobCoG/Content/Kitchen/Meshes/SM_Drawer_100_29.uasset" 686
"../../../RobCoG/Content/Kitchen/Meshes/SM_Drawer_60_14.uasset" 687
"../../../RobCoG/Content/Kitchen/Meshes/SM_Drawer_60_29.uasset" 688
"../../../RobCoG/Content/Kitchen/Meshes/SM_Drawer_60_35.uasset" 689
"../../../RobCoG/Content/Kitchen/Textures/Kitchen/T_KitchenSurfaceGrey.uasset" 690
"../../../RobCoG/Content/Kitchen/Materials/Kitchen/M_KitchenGrey.uasset" 691
"../../../RobCoG/Content/Kitchen/Meshes/SM_Drawer_60_58.uasset" 692
"../../../RobCoG/Content/Kitchen/Meshes/SM_Drawer_80_14.uasset" 693
"../../../RobCoG/Content/Kitchen/Meshes/SM_Drawer_80_29.uasset" 694
"../../../RobCoG/Content/Kitchen/Meshes/SM_Drawer_Vert.uasset" 695
"../../../RobCoG/Content/Kitchen/Meshes/SM_FridgeDoor.uasset" 696
"../../../RobCoG/Content/Kitchen/Materials/M_KitchenHandle.uasset" 697
"../../../RobCoG/Content/Kitchen/Meshes/SM_Handle_100.uasset" 698
"../../../RobCoG/Content/Kitchen/Meshes/SM_Handle_60.uasset" 699
"../../../RobCoG/Content/Kitchen/Meshes/SM_Handle_80.uasset" 700
"../../../RobCoG/Content/Kitchen/Meshes/SM_Handle_FridgeDoor.uasset" 701
"../../../RobCoG/Content/Kitchen/Meshes/SM_Handle_Vert.uasset" 702
"../../../RobCoG/Content/Kitchen/Meshes/SM_Sink.uasset" 703
"../../../RobCoG/Content/Kitchen/Materials/M_KitchenWhite.uasset" 704
"../../../RobCoG/Content/Kitchen/Meshes/SM_ThrashDrawer.uasset" 705
"../../../RobCoG/Content/Lab/Materials/Anteroom/CeilingLight/M_AnteroomLightCase.uasset" 706
"../../../RobCoG/Content/Lab/Meshes/Anteroom/CeilingLight/SM_AnteroomLightCase.uasset" 707
"../../../RobCoG/Content/Lab/Materials/Anteroom/CeilingLight/M_AnteroomLightGlas.uasset" 708
"../../../RobCoG/Content/Lab/Meshes/Anteroom/CeilingLight/SM_AnteroomLightGlass.uasset" 709
"../../../RobCoG/Content/Lab/Materials/Anteroom/CeilingLight/M_AnteroomLightScrews.uasset" 710
"../../../RobCoG/Content/Lab/Meshes/Anteroom/CeilingLight/SM_AnteroomLightScrews.uasset" 711
"../../../RobCoG/Content/Lab/Textures/Anteroom/Door/T_LabAnteroomDoor.uasset" 712
"../../../RobCoG/Content/Lab/Textures/Anteroom/Door/T_LabAnteroomDoor_N.uasset" 713
"../../../RobCoG/Content/Lab/Materials/Anteroom/Door/M_LabAnteroomDoor.uasset" 714
"../../../RobCoG/Content/Lab/Meshes/Anteroom/Door/SM_LabAnteroomDoor.uasset" 715
"../../../RobCoG/Content/Lab/Textures/Anteroom/Door/T_LabAnteroomDoorFrame.uasset" 716
"../../../RobCoG/Content/Lab/Textures/Anteroom/Door/T_LabAnteroomDoorFrame_N.uasset" 717
"../../../RobCoG/Content/Lab/Materials/Anteroom/Door/M_LabAnteroomDoorFrame.uasset" 718
"../../../RobCoG/Content/Lab/Meshes/Anteroom/Door/SM_LabAnteroomDoorFrame.uasset" 719
"../../../RobCoG/Content/Lab/Materials/Anteroom/Door/M_LabAnteroomDoorGlass.uasset" 720
"../../../RobCoG/Content/Lab/Meshes/Anteroom/Door/SM_LabAnteroomDoorGlass.uasset" 721
"../../../RobCoG/Content/Lab/Materials/Anteroom/Door/M_labAnteroomDoorHandle.uasset" 722
"../../../RobCoG/Content/Lab/Meshes/Anteroom/Door/SM_LabAnteroomDoorHandle.uasset" 723
"../../../RobCoG/Content/Lab/Textures/Anteroom/Shelves/T_Shelf.uasset" 724
"../../../RobCoG/Content/Lab/Textures/Anteroom/Shelves/T_Shelf_M.uasset" 725
"../../../RobCoG/Content/Lab/Materials/Anteroom/Shelves/M_Shelf.uasset" 726
"../../../RobCoG/Content/Lab/Meshes/Anteroom/Shelves/SM_Shelf.uasset" 727
"../../../RobCoG/Content/Lab/Textures/Anteroom/Shelves/T_ShelfBase.uasset" 728
"../../../RobCoG/Content/Lab/Textures/Anteroom/Shelves/T_ShelfBase_M.uasset" 729
"../../../RobCoG/Content/Lab/Materials/Anteroom/Shelves/M_ShelfBase.uasset" 730
"../../../RobCoG/Content/Lab/Meshes/Anteroom/Shelves/SM_ShelfBase.uasset" 731
"../../../RobCoG/Content/Lab/Materials/Door/M_LabDoorFrame.uasset" 732
"../../../RobCoG/Content/Lab/Meshes/Door/SM_LabWallDoorFrame.uasset" 733
"../../../RobCoG/Content/Lab/Materials/Door/M_LabDoorGlas.uasset" 734
"../../../RobCoG/Content/Lab/Meshes/Door/SM_LabWallDoorGlass.uasset" 735
"../../../RobCoG/Content/Lab/Materials/Door/M_LabDoorHandle.uasset" 736
"../../../RobCoG/Content/Lab/Meshes/Door/SM_LabWallDoorHandle.uasset" 737
"../../../RobCoG/Content/Lab/Meshes/Door/SM_LabWallDoorHandle2.uasset" 738
"../../../RobCoG/Content/Lab/Textures/Hall/T_HallFloor.uasset" 739
"../../../RobCoG/Content/Lab/Textures/Hall/T_HallFloor_N.uasset" 740
"../../../RobCoG/Content/Lab/Materials/Hall/M_HallFloor.uasset" 741
"../../../RobCoG/Content/Lab/Meshes/Hall/SM_HallFloor.uasset" 742
"../../../RobCoG/Content/Lab/Materials/Hall/M_HallHandrail.uasset" 743
"../../../RobCoG/Content/Lab/Meshes/Hall/SM_HallHandrail.uasset" 744
"../../../RobCoG/Content/Lab/Textures/Posters/SM_PosterAcat.uasset" 745
"../../../RobCoG/Content/Lab/Materials/Posters/M_PosterAcatUV.uasset" 746
"../../../RobCoG/Content/Lab/Meshes/Posters/SM_PosterAcat.uasset" 747
"../../../RobCoG/Content/Lab/Textures/Posters/SM_PosterRobohow.uasset" 748
"../../../RobCoG/Content/Lab/Materials/Posters/M_PosterRobohowUV.uasset" 749
"../../../RobCoG/Content/Lab/Meshes/Posters/SM_PosterRobohow.uasset" 750
"../../../RobCoG/Content/Lab/Textures/Posters/SM_PosterRobohowSmall.uasset" 751
"../../../RobCoG/Content/Lab/Materials/Posters/M_PostersRobohowSmallUV.uasset" 752
"../../../RobCoG/Content/Lab/Meshes/Posters/SM_PosterRobohowSmall.uasset" 753
"../../../RobCoG/Content/Lab/Textures/Posters/SM_PosterSherpa.uasset" 754
"../../../RobCoG/Content/Lab/Materials/Posters/M_PosterSherpaUV.uasset" 755
"../../../RobCoG/Content/Lab/Meshes/Posters/SM_PosterSherpa.uasset" 756
"../../../RobCoG/Content/Lab/Textures/Posters/SM_PosterSaphari.uasset" 757
"../../../RobCoG/Content/Lab/Materials/Posters/M_PosterSaphariUV.uasset" 758
"../../../RobCoG/Content/Lab/Meshes/Posters/SM_PosteSaphari.uasset" 759
"../../../RobCoG/Content/Lab/Materials/M_Black.uasset" 760
"../../../RobCoG/Content/Lab/Meshes/SM_LabBlackBox.uasset" 761
"../../../RobCoG/Content/Lab/Materials/M_LabSkirtingBoard.uasset" 762
"../../../RobCoG/Content/Lab/Meshes/SM_LabSkirtingBoard.uasset" 763
"../../../RobCoG/Content/Lab/Materials/M_PosterFrame.uasset" 764
"../../../RobCoG/Content/Lab/Meshes/SM_PosterFrame.uasset" 765
"../../../RobCoG/Content/NewFolder/Mat.uasset" 766
"../../../RobCoG/Content/NewFolder/Glass_Pack_Lathe_NURBS_3.uasset" 767
"../../../RobCoG/Content/NewFolder2/Color_000.uasset" 768
"../../../RobCoG/Content/NewFolder2/Wood_Board_Cork.uasset" 769
"../../../RobCoG/Content/NewFolder2/3d-model.uasset" 770
"../../../RobCoG/Content/Whine/Material_001.uasset" 771
"../../../RobCoG/Content/Whine/wineglass.uasset" 772
"../../../RobCoG/Content/Maps/Kitchen-v01.umap" 773
